[debug] [2023-08-22T22:29:51.462Z] ----------------------------------------------------------------------
[debug] [2023-08-22T22:29:51.464Z] Command:       C:\Program Files\nodejs\node.exe C:\Users\asistente_sistemas\AppData\Roaming\npm\node_modules\firebase-tools\lib\bin\firebase.js init
[debug] [2023-08-22T22:29:51.465Z] CLI Version:   12.5.0
[debug] [2023-08-22T22:29:51.465Z] Platform:      win32
[debug] [2023-08-22T22:29:51.466Z] Node Version:  v18.16.0
[debug] [2023-08-22T22:29:51.467Z] Time:          Tue Aug 22 2023 17:29:51 GMT-0500 (hora estándar de Colombia)
[debug] [2023-08-22T22:29:51.467Z] ----------------------------------------------------------------------
[debug] 
[debug] [2023-08-22T22:29:51.541Z] > command requires scopes: ["email","openid","https://www.googleapis.com/auth/cloudplatformprojects.readonly","https://www.googleapis.com/auth/firebase","https://www.googleapis.com/auth/cloud-platform"]
[debug] [2023-08-22T22:29:51.541Z] > authorizing via signed-in user (sebasao18@gmail.com)
[info] 
     ######## #### ########  ######## ########     ###     ######  ########
     ##        ##  ##     ## ##       ##     ##  ##   ##  ##       ##
     ######    ##  ########  ######   ########  #########  ######  ######
     ##        ##  ##    ##  ##       ##     ## ##     ##       ## ##
     ##       #### ##     ## ######## ########  ##     ##  ######  ########

You're about to initialize a Firebase project in this directory:

  C:\AppsJS\Angular\redes-ups

Before we get started, keep in mind:

  * You are currently outside your home directory
  * You are initializing within an existing Firebase project directory

[info] 
=== Project Setup
[info] 
[info] First, let's associate this project directory with a Firebase project.
[info] You can create multiple project aliases by running firebase use --add, 
[info] but for now we'll just set up a default project.
[info] 
[debug] [2023-08-22T22:30:27.591Z] >>> [apiv2][query] GET https://firebase.googleapis.com/v1beta1/projects pageSize=100
[debug] [2023-08-22T22:30:35.017Z] <<< [apiv2][status] GET https://firebase.googleapis.com/v1beta1/projects 200
[debug] [2023-08-22T22:30:35.017Z] <<< [apiv2][body] GET https://firebase.googleapis.com/v1beta1/projects [omitted]
[info] i  Using project chakra-spa-d1b47 (chakra-spa) 
[info] 
=== Firestore Setup
[debug] [2023-08-22T22:30:35.055Z] >>> [apiv2][query] GET https://serviceusage.googleapis.com/v1/projects/chakra-spa-d1b47/services/firestore.googleapis.com [none]
[debug] [2023-08-22T22:30:35.055Z] >>> [apiv2][(partial)header] GET https://serviceusage.googleapis.com/v1/projects/chakra-spa-d1b47/services/firestore.googleapis.com x-goog-quota-user=projects/chakra-spa-d1b47
[debug] [2023-08-22T22:30:35.920Z] <<< [apiv2][status] GET https://serviceusage.googleapis.com/v1/projects/chakra-spa-d1b47/services/firestore.googleapis.com 200
[debug] [2023-08-22T22:30:35.921Z] <<< [apiv2][body] GET https://serviceusage.googleapis.com/v1/projects/chakra-spa-d1b47/services/firestore.googleapis.com [omitted]
[debug] [2023-08-22T22:30:35.922Z] >>> [apiv2][query] GET https://firestore.googleapis.com/v1/projects/chakra-spa-d1b47/databases/(default) [none]
[debug] [2023-08-22T22:30:36.804Z] <<< [apiv2][status] GET https://firestore.googleapis.com/v1/projects/chakra-spa-d1b47/databases/(default) 200
[debug] [2023-08-22T22:30:36.805Z] <<< [apiv2][body] GET https://firestore.googleapis.com/v1/projects/chakra-spa-d1b47/databases/(default) {"name":"projects/chakra-spa-d1b47/databases/(default)","uid":"f37027d0-aa8f-45af-bf11-e00c55c0dad1","createTime":"2023-02-14T02:21:13.005402Z","updateTime":"2023-02-14T02:21:13.005402Z","locationId":"nam5","type":"FIRESTORE_NATIVE","concurrencyMode":"PESSIMISTIC","versionRetentionPeriod":"3600s","earliestVersionTime":"2023-08-22T21:32:38.960746Z","appEngineIntegrationMode":"DISABLED","keyPrefix":"s","pointInTimeRecoveryEnablement":"POINT_IN_TIME_RECOVERY_DISABLED","deleteProtectionState":"DELETE_PROTECTION_DISABLED","etag":"ILOnnJSp8YADMLLV+KeUvYAD"}
[debug] [2023-08-22T22:30:36.807Z] database_type: FIRESTORE_NATIVE
[debug] [2023-08-22T22:30:36.808Z] > command requires scopes: ["email","openid","https://www.googleapis.com/auth/cloudplatformprojects.readonly","https://www.googleapis.com/auth/firebase","https://www.googleapis.com/auth/cloud-platform"]
[debug] [2023-08-22T22:30:36.808Z] > authorizing via signed-in user (sebasao18@gmail.com)
[debug] [2023-08-22T22:30:36.808Z] [iam] checking project chakra-spa-d1b47 for permissions ["firebase.projects.get"]
[debug] [2023-08-22T22:30:36.810Z] >>> [apiv2][query] POST https://cloudresourcemanager.googleapis.com/v1/projects/chakra-spa-d1b47:testIamPermissions [none]
[debug] [2023-08-22T22:30:36.810Z] >>> [apiv2][(partial)header] POST https://cloudresourcemanager.googleapis.com/v1/projects/chakra-spa-d1b47:testIamPermissions x-goog-quota-user=projects/chakra-spa-d1b47
[debug] [2023-08-22T22:30:36.810Z] >>> [apiv2][body] POST https://cloudresourcemanager.googleapis.com/v1/projects/chakra-spa-d1b47:testIamPermissions {"permissions":["firebase.projects.get"]}
[debug] [2023-08-22T22:30:37.497Z] <<< [apiv2][status] POST https://cloudresourcemanager.googleapis.com/v1/projects/chakra-spa-d1b47:testIamPermissions 200
[debug] [2023-08-22T22:30:37.498Z] <<< [apiv2][body] POST https://cloudresourcemanager.googleapis.com/v1/projects/chakra-spa-d1b47:testIamPermissions {"permissions":["firebase.projects.get"]}
[info] 
[info] Firestore Security Rules allow you to define how and when to allow
[info] requests. You can keep these rules in your project directory
[info] and publish them with firebase deploy.
[info] 
